0 info it worked if it ends with ok
1 verbose cli [ 'node', '/usr/local/bin/npm', 'update', 'bower', '-g' ]
2 info using npm@1.4.23
3 info using node@v0.10.31
4 verbose registry.get https://registry.npmjs.org/bower not expired, no request
5 info outdated updating [ [ '/usr/local/lib', 'bower', '1.3.8', '1.3.9', '1.3.9', 'latest' ] ]
6 error Failed to parse json
6 error Unexpected end of input
7 error File: /usr/local/lib/node_modules/protractor/node_modules/optimist/node_modules/minimist/package.json
8 error Failed to parse package.json data.
8 error package.json must be actual JSON, not just JavaScript.
8 error
8 error This is not a bug in npm.
8 error Tell the package author to fix their package.json file. JSON.parse
9 error System Darwin 13.3.0
10 error command "node" "/usr/local/bin/npm" "update" "bower" "-g"
11 error cwd /Users/jonathanfontanez/Development/HTML5/angular-tables
12 error node -v v0.10.31
13 error npm -v 1.4.23
14 error file /usr/local/lib/node_modules/protractor/node_modules/optimist/node_modules/minimist/package.json
15 error code EJSONPARSE
16 verbose exit [ 1, true ]
